2023-04-03 02:55:13.372935 - Initialized conversion of CBT820
2023-04-03 02:55:14.284485 - Received CBT.V504.FILE820.PDS from FILE820.XMI 
2023-04-03 02:55:14.287124 - Found $$$#DATE.txt (text/plain) in CBT.V504.FILE820.PDS, moved to PDS/$$$#DATE
2023-04-03 02:55:14.288148 - Found $PDSLOAD.jcl (text/plain) in CBT.V504.FILE820.PDS, moved to PDS/$PDSLOAD
2023-04-03 02:55:14.295374 - De-xmi-ed @@@DOC to CBT820/docs/@@@DOC.doc
2023-04-03 02:55:14.301607 - De-xmi-ed @@@PDF to CBT820/docs/@@@PDF.pdf
2023-04-03 02:55:14.302779 - Found @@NOTE1.txt (text/plain) in CBT.V504.FILE820.PDS, moved to PDS/@@NOTE1
2023-04-03 02:55:14.303913 - Found @FILE820.txt (text/plain) in CBT.V504.FILE820.PDS, moved to PDS/@FILE820
2023-04-03 02:55:14.304980 - Found @GNUGPL.txt (text/plain) in CBT.V504.FILE820.PDS, moved to PDS/@GNUGPL
2023-04-03 02:55:14.307193 - De-xmi-ed @RDHRES to CBT820/docs/@RDHRES.doc
2023-04-03 02:55:14.308222 - Found ASMCL.txt (text/plain) in CBT.V504.FILE820.PDS, moved to PDS/ASMCL
2023-04-03 02:55:14.310028 - Found MACLIB.txt (text/plain) in CBT.V504.FILE820.PDS, moved to PDS/MACLIB
2023-04-03 02:55:14.315830 - Found PDSLOAD.xmi (application/xmit) in CBT.V504.FILE820.PDS
2023-04-03 02:55:14.323453   - Received RECFM=U data, stored XMIT file as CBT820/PDSLOAD.xmi
2023-04-03 02:55:14.324559 - Found RASMCL.txt (text/plain) in CBT.V504.FILE820.PDS, moved to PDS/RASMCL
2023-04-03 02:55:14.325522 - Found RASMCLG.txt (text/plain) in CBT.V504.FILE820.PDS, moved to PDS/RASMCLG
2023-04-03 02:55:14.326520 - Found RDHAPSVC.jcl (text/plain) in CBT.V504.FILE820.PDS, moved to PDS/RDHAPSVC
2023-04-03 02:55:14.327536 - Found RDHDPALO.jcl (text/plain) in CBT.V504.FILE820.PDS, moved to PDS/RDHDPALO
2023-04-03 02:55:14.328467 - Found RDHDPASM.jcl (text/plain) in CBT.V504.FILE820.PDS, moved to PDS/RDHDPASM
2023-04-03 02:55:14.329419 - Found RDHDPATB.jcl (text/plain) in CBT.V504.FILE820.PDS, moved to PDS/RDHDPATB
2023-04-03 02:55:14.330328 - Found RDHDPCAT.jcl (text/plain) in CBT.V504.FILE820.PDS, moved to PDS/RDHDPCAT
2023-04-03 02:55:14.331398 - Found RDHDPIGA.jcl (text/plain) in CBT.V504.FILE820.PDS, moved to PDS/RDHDPIGA
2023-04-03 02:55:14.332381 - Found RDHDPINS.jcl (text/plain) in CBT.V504.FILE820.PDS, moved to PDS/RDHDPINS
2023-04-03 02:55:14.333376 - Found RDHGASVC.txt (text/plain) in CBT.V504.FILE820.PDS, moved to PDS/RDHGASVC
2023-04-03 02:55:14.334467 - Found RDHGATB.txt (text/plain) in CBT.V504.FILE820.PDS, moved to PDS/RDHGATB
2023-04-03 02:55:14.335502 - Found RDHINSTL.txt (text/plain) in CBT.V504.FILE820.PDS, moved to PDS/RDHINSTL
2023-04-03 02:55:14.336625 - Found RDHMSGS.txt (text/plain) in CBT.V504.FILE820.PDS, moved to PDS/RDHMSGS
2023-04-03 02:55:14.338186 - Found RDHTRACE.txt (text/plain) in CBT.V504.FILE820.PDS, moved to PDS/RDHTRACE
2023-04-03 02:55:14.339166 - Found RDHTRACG.txt (text/plain) in CBT.V504.FILE820.PDS, moved to PDS/RDHTRACG
2023-04-03 02:55:14.340472 - Found RDHTRAPI.txt (text/plain) in CBT.V504.FILE820.PDS, moved to PDS/RDHTRAPI
2023-04-03 02:55:14.341484 - Found RDHTRSVC.txt (text/plain) in CBT.V504.FILE820.PDS, moved to PDS/RDHTRSVC
2023-04-03 02:55:14.342674 - Found TST.txt (text/plain) in CBT.V504.FILE820.PDS, moved to PDS/TST
